[remix-serve] http://localhost:3000 (http://0.0.0.0:3000)
TypeError: fetch failed
    at fetch (/app/node_modules/.pnpm/undici@6.21.0/node_modules/undici/index.js:112:13)
    at processTicksAndRejections (node:internal/process/task_queues:95:5)
    at loader (file:///app/build/server/index.js?t=1736270633666.9412:861:20)
    at Object.callRouteLoader (/app/node_modules/.pnpm/@remix-run+server-runtime@2.15.2_typescript@5.7.2/node_modules/@remix-run/server-runtime/dist/data.js:59:16)
    at /app/node_modules/.pnpm/@remix-run+router@1.21.0/node_modules/@remix-run/router/router.ts:4899:19
    at callLoaderOrAction (/app/node_modules/.pnpm/@remix-run+router@1.21.0/node_modules/@remix-run/router/router.ts:4963:16)
    at async Promise.all (index 0)
    at defaultDataStrategy (/app/node_modules/.pnpm/@remix-run+router@1.21.0/node_modules/@remix-run/router/router.ts:4772:17)
    at callDataStrategyImpl (/app/node_modules/.pnpm/@remix-run+router@1.21.0/node_modules/@remix-run/router/router.ts:4835:17)
    at callDataStrategy (/app/node_modules/.pnpm/@remix-run+router@1.21.0/node_modules/@remix-run/router/router.ts:3992:19) {
  [cause]: AggregateError: 
      at internalConnectMultiple (node:net:1122:18)
      at afterConnectMultiple (node:net:1689:7) {
    code: 'ECONNREFUSED',
    [errors]: [ [Error], [Error] ]
  }
}
[Error: Unexpected Server Error]
GET / 500 - - 168.260 ms
Error: No route matches URL "/public"
    at getInternalRouterError (/app/node_modules/.pnpm/@remix-run+router@1.21.0/node_modules/@remix-run/router/router.ts:5505:5)
    at Object.query (/app/node_modules/.pnpm/@remix-run+router@1.21.0/node_modules/@remix-run/router/router.ts:3527:19)
    at handleDocumentRequest (/app/node_modules/.pnpm/@remix-run+server-runtime@2.15.2_typescript@5.7.2/node_modules/@remix-run/server-runtime/dist/server.js:275:35)
    at requestHandler (/app/node_modules/.pnpm/@remix-run+server-runtime@2.15.2_typescript@5.7.2/node_modules/@remix-run/server-runtime/dist/server.js:160:24)
    at /app/node_modules/.pnpm/@remix-run+express@2.15.2_express@4.21.2_typescript@5.7.2/node_modules/@remix-run/express/dist/server.js:41:28
ErrorResponseImpl {
  status: 404,
  statusText: 'Not Found',
  internal: true,
  data: 'Error: No route matches URL "/public"',
  error: Error: No route matches URL "/public"
      at getInternalRouterError (/app/node_modules/.pnpm/@remix-run+router@1.21.0/node_modules/@remix-run/router/router.ts:5505:5)
      at Object.query (/app/node_modules/.pnpm/@remix-run+router@1.21.0/node_modules/@remix-run/router/router.ts:3527:19)
      at handleDocumentRequest (/app/node_modules/.pnpm/@remix-run+server-runtime@2.15.2_typescript@5.7.2/node_modules/@remix-run/server-runtime/dist/server.js:275:35)
      at requestHandler (/app/node_modules/.pnpm/@remix-run+server-runtime@2.15.2_typescript@5.7.2/node_modules/@remix-run/server-runtime/dist/server.js:160:24)
      at /app/node_modules/.pnpm/@remix-run+express@2.15.2_express@4.21.2_typescript@5.7.2/node_modules/@remix-run/express/dist/server.js:41:28
}
GET /public 404 - - 16.547 ms
GET /__manifest?p=%2Fpublic&version=e691c5c7 200 - - 8.228 ms
Error: No route matches URL "/public/storybook"
    at getInternalRouterError (/app/node_modules/.pnpm/@remix-run+router@1.21.0/node_modules/@remix-run/router/router.ts:5505:5)
    at Object.query (/app/node_modules/.pnpm/@remix-run+router@1.21.0/node_modules/@remix-run/router/router.ts:3527:19)
    at handleDocumentRequest (/app/node_modules/.pnpm/@remix-run+server-runtime@2.15.2_typescript@5.7.2/node_modules/@remix-run/server-runtime/dist/server.js:275:35)
    at requestHandler (/app/node_modules/.pnpm/@remix-run+server-runtime@2.15.2_typescript@5.7.2/node_modules/@remix-run/server-runtime/dist/server.js:160:24)
    at /app/node_modules/.pnpm/@remix-run+express@2.15.2_express@4.21.2_typescript@5.7.2/node_modules/@remix-run/express/dist/server.js:41:28
ErrorResponseImpl {
  status: 404,
  statusText: 'Not Found',
  internal: true,
  data: 'Error: No route matches URL "/public/storybook"',
  error: Error: No route matches URL "/public/storybook"
      at getInternalRouterError (/app/node_modules/.pnpm/@remix-run+router@1.21.0/node_modules/@remix-run/router/router.ts:5505:5)
      at Object.query (/app/node_modules/.pnpm/@remix-run+router@1.21.0/node_modules/@remix-run/router/router.ts:3527:19)
      at handleDocumentRequest (/app/node_modules/.pnpm/@remix-run+server-runtime@2.15.2_typescript@5.7.2/node_modules/@remix-run/server-runtime/dist/server.js:275:35)
      at requestHandler (/app/node_modules/.pnpm/@remix-run+server-runtime@2.15.2_typescript@5.7.2/node_modules/@remix-run/server-runtime/dist/server.js:160:24)
      at /app/node_modules/.pnpm/@remix-run+express@2.15.2_express@4.21.2_typescript@5.7.2/node_modules/@remix-run/express/dist/server.js:41:28
}
GET /public/storybook 404 - - 9.932 ms
Error: No route matches URL "/build"
    at getInternalRouterError (/app/node_modules/.pnpm/@remix-run+router@1.21.0/node_modules/@remix-run/router/router.ts:5505:5)
    at Object.query (/app/node_modules/.pnpm/@remix-run+router@1.21.0/node_modules/@remix-run/router/router.ts:3527:19)
    at handleDocumentRequest (/app/node_modules/.pnpm/@remix-run+server-runtime@2.15.2_typescript@5.7.2/node_modules/@remix-run/server-runtime/dist/server.js:275:35)
    at requestHandler (/app/node_modules/.pnpm/@remix-run+server-runtime@2.15.2_typescript@5.7.2/node_modules/@remix-run/server-runtime/dist/server.js:160:24)
    at /app/node_modules/.pnpm/@remix-run+express@2.15.2_express@4.21.2_typescript@5.7.2/node_modules/@remix-run/express/dist/server.js:41:28
ErrorResponseImpl {
  status: 404,
  statusText: 'Not Found',
  internal: true,
  data: 'Error: No route matches URL "/build"',
  error: Error: No route matches URL "/build"
      at getInternalRouterError (/app/node_modules/.pnpm/@remix-run+router@1.21.0/node_modules/@remix-run/router/router.ts:5505:5)
      at Object.query (/app/node_modules/.pnpm/@remix-run+router@1.21.0/node_modules/@remix-run/router/router.ts:3527:19)
      at handleDocumentRequest (/app/node_modules/.pnpm/@remix-run+server-runtime@2.15.2_typescript@5.7.2/node_modules/@remix-run/server-runtime/dist/server.js:275:35)
      at requestHandler (/app/node_modules/.pnpm/@remix-run+server-runtime@2.15.2_typescript@5.7.2/node_modules/@remix-run/server-runtime/dist/server.js:160:24)
      at /app/node_modules/.pnpm/@remix-run+express@2.15.2_express@4.21.2_typescript@5.7.2/node_modules/@remix-run/express/dist/server.js:41:28
}
GET /build 404 - - 25.918 ms
GET /__manifest?p=%2Fbuild&version=e691c5c7 200 - - 1.091 ms
TypeError: fetch failed
    at fetch (/app/node_modules/.pnpm/undici@6.21.0/node_modules/undici/index.js:112:13)
    at processTicksAndRejections (node:internal/process/task_queues:95:5)
    at loader (file:///app/build/server/index.js?t=1736270633666.9412:861:20)
    at Object.callRouteLoader (/app/node_modules/.pnpm/@remix-run+server-runtime@2.15.2_typescript@5.7.2/node_modules/@remix-run/server-runtime/dist/data.js:59:16)
    at /app/node_modules/.pnpm/@remix-run+router@1.21.0/node_modules/@remix-run/router/router.ts:4899:19
    at callLoaderOrAction (/app/node_modules/.pnpm/@remix-run+router@1.21.0/node_modules/@remix-run/router/router.ts:4963:16)
    at async Promise.all (index 0)
    at defaultDataStrategy (/app/node_modules/.pnpm/@remix-run+router@1.21.0/node_modules/@remix-run/router/router.ts:4772:17)
    at callDataStrategyImpl (/app/node_modules/.pnpm/@remix-run+router@1.21.0/node_modules/@remix-run/router/router.ts:4835:17)
    at callDataStrategy (/app/node_modules/.pnpm/@remix-run+router@1.21.0/node_modules/@remix-run/router/router.ts:3992:19) {
  [cause]: AggregateError: 
      at internalConnectMultiple (node:net:1122:18)
      at afterConnectMultiple (node:net:1689:7) {
    code: 'ECONNREFUSED',
    [errors]: [ [Error], [Error] ]
  }
}
[Error: Unexpected Server Error]
GET / 500 - - 17.055 ms
